TN:
SF:vitest.config.ts
FNF:0
FNH:0
DA:1,1
DA:2,1
DA:3,1
DA:4,1
DA:5,1
DA:6,1
DA:7,1
DA:8,1
DA:9,1
DA:10,1
DA:11,1
DA:12,1
LF:12
LH:12
BRF:0
BRH:0
end_of_record
TN:
SF:src/db.ts
FN:13,isUsingMySql
FN:20,openDb
FN:30,prepare
FN:31,all
FN:33,get
FN:36,run
FN:39,exec
FN:40,close
FN:45,allAsync
FN:51,getAsync
FN:56,runAsync
FN:62,execAsync
FN:69,migrateSqlite3
FN:156,prepare
FN:159,exec
FN:160,close
FN:177,prepare
FN:194,exec
FN:196,close
FN:200,get
FN:200,migrateSqlite
FN:292,migrateMySql
FNF:22
FNH:8
FNDA:17,isUsingMySql
FNDA:17,openDb
FNDA:83,prepare
FNDA:8,all
FNDA:37,get
FNDA:38,run
FNDA:0,exec
FNDA:0,close
FNDA:0,allAsync
FNDA:0,getAsync
FNDA:0,runAsync
FNDA:0,execAsync
FNDA:0,migrateSqlite3
FNDA:0,prepare
FNDA:0,exec
FNDA:0,close
FNDA:0,prepare
FNDA:0,exec
FNDA:0,close
FNDA:17,get
FNDA:17,migrateSqlite
FNDA:0,migrateMySql
DA:1,6
DA:2,6
DA:3,6
DA:4,6
DA:5,6
DA:6,6
DA:7,6
DA:8,6
DA:9,6
DA:10,6
DA:11,6
DA:12,6
DA:13,6
DA:14,17
DA:15,17
DA:16,17
DA:17,17
DA:18,17
DA:19,17
DA:20,6
DA:21,0
DA:22,0
DA:23,17
DA:24,17
DA:25,0
DA:26,0
DA:27,17
DA:28,17
DA:29,17
DA:30,17
DA:31,83
DA:32,8
DA:33,83
DA:34,37
DA:35,83
DA:36,83
DA:37,38
DA:38,83
DA:39,17
DA:40,17
DA:41,0
DA:42,0
DA:43,17
DA:44,17
DA:45,0
DA:46,0
DA:47,0
DA:48,0
DA:49,0
DA:50,0
DA:51,0
DA:52,0
DA:53,0
DA:54,0
DA:55,0
DA:56,0
DA:57,0
DA:58,0
DA:59,0
DA:60,0
DA:61,0
DA:62,0
DA:63,0
DA:64,0
DA:65,0
DA:66,0
DA:67,0
DA:68,0
DA:69,0
DA:70,0
DA:71,0
DA:72,0
DA:73,0
DA:74,0
DA:75,0
DA:76,0
DA:77,0
DA:78,0
DA:79,0
DA:80,0
DA:81,0
DA:82,0
DA:83,0
DA:84,0
DA:85,0
DA:86,0
DA:87,0
DA:88,0
DA:89,0
DA:90,0
DA:91,0
DA:92,0
DA:93,0
DA:94,0
DA:95,0
DA:96,0
DA:97,0
DA:98,0
DA:99,0
DA:100,0
DA:101,0
DA:102,0
DA:103,0
DA:104,0
DA:105,0
DA:106,0
DA:107,0
DA:108,0
DA:109,0
DA:110,0
DA:111,0
DA:112,0
DA:113,0
DA:114,0
DA:115,0
DA:116,0
DA:117,0
DA:118,0
DA:119,0
DA:120,0
DA:121,0
DA:122,0
DA:123,0
DA:124,0
DA:125,0
DA:126,0
DA:127,0
DA:128,0
DA:129,0
DA:130,0
DA:131,0
DA:132,0
DA:133,0
DA:134,0
DA:135,0
DA:136,0
DA:137,0
DA:138,0
DA:139,0
DA:140,0
DA:141,0
DA:142,0
DA:143,0
DA:144,0
DA:145,0
DA:146,0
DA:147,0
DA:148,0
DA:149,0
DA:150,0
DA:151,0
DA:152,0
DA:153,0
DA:154,0
DA:155,0
DA:156,0
DA:157,0
DA:158,0
DA:159,0
DA:160,0
DA:161,0
DA:162,0
DA:163,0
DA:164,0
DA:165,0
DA:166,0
DA:167,0
DA:168,0
DA:169,17
DA:170,17
DA:171,17
DA:172,17
DA:173,17
DA:174,17
DA:175,17
DA:176,17
DA:177,17
DA:178,0
DA:179,0
DA:180,0
DA:181,0
DA:182,0
DA:183,0
DA:184,0
DA:185,0
DA:186,0
DA:187,0
DA:188,0
DA:189,0
DA:190,0
DA:191,0
DA:192,0
DA:193,0
DA:194,0
DA:195,0
DA:196,0
DA:197,6
DA:198,6
DA:199,6
DA:200,6
DA:201,17
DA:202,17
DA:203,17
DA:204,17
DA:205,17
DA:206,17
DA:207,17
DA:208,17
DA:209,17
DA:210,17
DA:211,17
DA:212,17
DA:213,17
DA:214,17
DA:215,17
DA:216,17
DA:217,17
DA:218,17
DA:219,17
DA:220,17
DA:221,17
DA:222,17
DA:223,17
DA:224,17
DA:225,17
DA:226,17
DA:227,17
DA:228,17
DA:229,17
DA:230,17
DA:231,17
DA:232,17
DA:233,17
DA:234,17
DA:235,17
DA:236,17
DA:237,17
DA:238,17
DA:239,17
DA:240,17
DA:241,17
DA:242,17
DA:243,17
DA:244,17
DA:245,17
DA:246,17
DA:247,17
DA:248,17
DA:249,17
DA:250,17
DA:251,17
DA:252,17
DA:253,17
DA:254,17
DA:255,17
DA:256,17
DA:257,17
DA:258,17
DA:259,17
DA:260,17
DA:261,17
DA:262,17
DA:263,17
DA:264,17
DA:265,17
DA:266,17
DA:267,17
DA:268,17
DA:269,0
DA:270,0
DA:271,0
DA:272,0
DA:273,0
DA:274,0
DA:275,17
DA:276,17
DA:277,17
DA:278,0
DA:279,0
DA:280,0
DA:281,0
DA:282,0
DA:283,17
DA:284,17
DA:285,17
DA:286,0
DA:287,0
DA:288,0
DA:289,0
DA:290,0
DA:291,17
DA:292,6
DA:293,0
DA:294,0
DA:295,0
DA:296,0
DA:297,0
DA:298,0
DA:299,0
DA:300,0
DA:301,0
DA:302,0
DA:303,0
DA:304,0
DA:305,0
DA:306,0
DA:307,0
DA:308,0
DA:309,0
DA:310,0
DA:311,0
DA:312,0
DA:313,0
DA:314,0
DA:315,0
DA:316,0
DA:317,0
DA:318,0
DA:319,0
DA:320,0
DA:321,0
DA:322,0
DA:323,0
DA:324,0
DA:325,0
DA:326,0
DA:327,0
DA:328,0
DA:329,0
DA:330,0
DA:331,0
DA:332,0
DA:333,0
DA:334,0
DA:335,0
DA:336,0
DA:337,0
DA:338,0
DA:339,0
DA:340,0
DA:341,0
DA:342,0
DA:343,0
DA:344,0
DA:345,0
DA:346,0
DA:347,0
DA:348,0
DA:349,0
DA:350,0
DA:351,0
DA:352,6
DA:353,6
DA:354,6
DA:355,6
DA:356,6
DA:357,6
DA:358,6
DA:359,6
DA:360,6
DA:361,6
DA:362,6
DA:363,6
DA:364,6
DA:365,6
DA:366,6
DA:367,6
DA:368,6
DA:369,6
DA:370,6
DA:371,6
DA:372,6
DA:373,6
DA:374,6
DA:375,6
DA:376,6
DA:377,6
DA:378,6
DA:379,6
DA:380,6
DA:381,6
DA:382,6
LF:382
LH:158
BRDA:1,0,0,6
BRDA:1,1,0,6
BRDA:13,2,0,17
BRDA:20,3,0,17
BRDA:21,4,0,0
BRDA:24,5,0,0
BRDA:44,6,0,0
BRDA:170,7,0,0
BRDA:173,8,0,0
BRDA:173,9,0,0
BRDA:174,10,0,0
BRDA:174,11,0,0
BRDA:177,12,0,0
BRDA:30,13,0,83
BRDA:31,14,0,8
BRDA:33,15,0,37
BRDA:36,16,0,38
BRDA:200,17,0,17
BRDA:200,18,0,17
BRDA:255,19,0,0
BRDA:268,20,0,0
BRDA:277,21,0,0
BRDA:285,22,0,0
BRDA:291,23,0,0
BRDA:252,24,0,68
BRDA:260,25,0,119
BRDA:277,26,0,119
BRDA:284,27,0,136
BRDA:291,28,0,153
BRF:29
BRH:15
end_of_record
TN:
SF:src/middleware/auth.ts
FN:10,parseBasicAuth
FN:29,get
FN:30,isUserAuthed
FN:45,get
FN:45,challengeBasic
FN:51,get
FN:52,requireUserAuth
FN:61,get
FN:62,ensureAdminUser
FN:95,get
FN:96,makeIngestKey
FN:102,get
FN:103,requireProjectIngestKey
FNF:13
FNH:11
FNDA:13,parseBasicAuth
FNDA:0,get
FNDA:13,isUserAuthed
FNDA:1,get
FNDA:1,challengeBasic
FNDA:0,get
FNDA:1,requireUserAuth
FNDA:1,get
FNDA:4,ensureAdminUser
FNDA:4,get
FNDA:1,makeIngestKey
FNDA:1,get
FNDA:11,requireProjectIngestKey
DA:1,7
DA:2,7
DA:3,7
DA:4,7
DA:5,7
DA:6,7
DA:7,7
DA:8,7
DA:9,7
DA:10,7
DA:11,13
DA:12,13
DA:13,13
DA:14,13
DA:15,12
DA:16,1
DA:17,1
DA:18,1
DA:19,1
DA:20,1
DA:21,3
DA:22,3
DA:23,3
DA:24,1
DA:25,1
DA:26,1
DA:27,13
DA:28,3
DA:29,7
DA:30,7
DA:31,13
DA:32,13
DA:33,13
DA:34,13
DA:35,1
DA:36,3
DA:37,1
DA:38,1
DA:39,7
DA:40,7
DA:41,7
DA:42,7
DA:43,7
DA:44,7
DA:45,7
DA:46,1
DA:47,7
DA:48,7
DA:49,7
DA:50,7
DA:51,7
DA:52,1
DA:53,1
DA:54,1
DA:55,1
DA:56,7
DA:57,7
DA:58,7
DA:59,7
DA:60,7
DA:61,7
DA:62,7
DA:63,4
DA:64,4
DA:65,4
DA:66,4
DA:67,4
DA:68,4
DA:69,4
DA:70,4
DA:71,4
DA:72,4
DA:73,4
DA:74,4
DA:75,4
DA:76,4
DA:77,4
DA:78,4
DA:79,4
DA:80,4
DA:81,4
DA:82,4
DA:83,4
DA:84,4
DA:85,3
DA:86,3
DA:87,3
DA:88,3
DA:89,3
DA:90,3
DA:91,1
DA:92,1
DA:93,7
DA:94,7
DA:95,7
DA:96,7
DA:97,1
DA:98,1
DA:99,1
DA:100,7
DA:101,7
DA:102,7
DA:103,7
DA:104,11
DA:105,11
DA:106,11
DA:107,11
DA:108,11
DA:109,11
LF:109
LH:109
BRDA:1,0,0,7
BRDA:1,1,0,7
BRDA:10,2,0,13
BRDA:14,3,0,12
BRDA:15,4,0,12
BRDA:16,5,0,3
BRDA:16,6,0,1
BRDA:21,7,0,0
BRDA:21,8,0,1
BRDA:22,9,0,0
BRDA:23,10,0,1
BRDA:27,11,0,3
BRDA:27,12,0,0
BRDA:28,13,0,1
BRDA:30,14,0,13
BRDA:34,15,0,12
BRDA:34,16,0,3
BRDA:34,17,0,1
BRDA:36,18,0,0
BRDA:36,19,0,1
BRDA:45,20,0,1
BRDA:45,21,0,1
BRDA:52,22,0,1
BRDA:55,23,0,0
BRDA:61,24,0,1
BRDA:62,25,0,4
BRDA:65,26,0,0
BRDA:69,27,0,0
BRDA:70,28,0,3
BRDA:71,29,0,3
BRDA:72,30,0,1
BRDA:72,31,0,3
BRDA:84,32,0,3
BRDA:90,33,0,1
BRDA:95,34,0,4
BRDA:96,35,0,1
BRDA:102,36,0,1
BRDA:103,37,0,11
BRDA:104,38,0,0
BRF:39
BRH:31
end_of_record
TN:
SF:src/routes/events.ts
FN:28,registerEventRoutes
FNF:1
FNH:1
FNDA:6,registerEventRoutes
DA:1,3
DA:2,3
DA:3,3
DA:4,3
DA:5,3
DA:6,3
DA:7,3
DA:8,3
DA:9,3
DA:10,3
DA:11,3
DA:12,3
DA:13,3
DA:14,3
DA:15,3
DA:16,3
DA:17,3
DA:18,3
DA:19,3
DA:20,3
DA:21,3
DA:22,3
DA:23,3
DA:24,3
DA:25,3
DA:26,3
DA:27,3
DA:28,3
DA:29,6
DA:30,6
DA:31,8
DA:32,0
DA:33,0
DA:34,8
DA:35,8
DA:36,8
DA:37,8
DA:38,8
DA:39,8
DA:40,8
DA:41,8
DA:42,8
DA:43,8
DA:44,8
DA:45,8
DA:46,8
DA:47,8
DA:48,8
DA:49,8
DA:50,8
DA:51,1
DA:52,1
DA:53,8
DA:54,5
DA:55,5
DA:56,5
DA:57,5
DA:58,5
DA:59,5
DA:60,5
DA:61,5
DA:62,5
DA:63,5
DA:64,5
DA:65,5
DA:66,8
DA:67,6
DA:68,6
DA:69,6
DA:70,6
DA:71,6
LF:71
LH:69
BRDA:1,0,0,3
BRDA:1,1,0,3
BRDA:28,2,0,6
BRDA:30,3,0,8
BRDA:31,4,0,0
BRDA:38,5,0,2
BRDA:39,6,0,6
BRDA:39,7,0,0
BRDA:50,8,0,6
BRDA:50,9,0,1
BRDA:53,10,0,5
BRDA:66,11,0,1
BRDA:66,12,0,4
BRDA:66,13,0,6
BRF:14
BRH:12
end_of_record
TN:
SF:src/routes/issues.ts
FN:9,clampInt
FN:14,registerIssueRoutes
FN:83,normalizeForMatch
FN:172,get
FNF:4
FNH:4
FNDA:2,clampInt
FNDA:2,registerIssueRoutes
FNDA:6,normalizeForMatch
FNDA:2,get
DA:1,2
DA:2,2
DA:3,2
DA:4,2
DA:5,2
DA:6,2
DA:7,2
DA:8,2
DA:9,2
DA:10,2
DA:11,2
DA:12,2
DA:13,2
DA:14,2
DA:15,2
DA:16,0
DA:17,0
DA:18,0
DA:19,0
DA:20,0
DA:21,0
DA:22,0
DA:23,0
DA:24,0
DA:25,0
DA:26,0
DA:27,0
DA:28,0
DA:29,0
DA:30,0
DA:31,0
DA:32,2
DA:33,2
DA:34,0
DA:35,0
DA:36,0
DA:37,0
DA:38,0
DA:39,0
DA:40,0
DA:41,0
DA:42,0
DA:43,0
DA:44,0
DA:45,0
DA:46,0
DA:47,0
DA:48,0
DA:49,2
DA:50,2
DA:51,0
DA:52,0
DA:53,0
DA:54,0
DA:55,0
DA:56,0
DA:57,0
DA:58,0
DA:59,0
DA:60,0
DA:61,0
DA:62,0
DA:63,2
DA:64,2
DA:65,2
DA:66,2
DA:67,2
DA:68,2
DA:69,2
DA:70,2
DA:71,2
DA:72,2
DA:73,2
DA:74,2
DA:75,2
DA:76,2
DA:77,2
DA:78,2
DA:79,2
DA:80,2
DA:81,2
DA:82,2
DA:83,6
DA:84,6
DA:85,6
DA:86,6
DA:87,6
DA:88,6
DA:89,6
DA:90,6
DA:91,6
DA:92,2
DA:93,2
DA:94,2
DA:95,2
DA:96,2
DA:97,2
DA:98,2
DA:99,2
DA:100,2
DA:101,2
DA:102,2
DA:103,2
DA:104,2
DA:105,2
DA:106,2
DA:107,2
DA:108,2
DA:109,2
DA:110,2
DA:111,2
DA:112,2
DA:113,2
DA:114,2
DA:115,2
DA:116,2
DA:117,2
DA:118,2
DA:119,2
DA:120,2
DA:121,2
DA:122,2
DA:123,2
DA:124,1
DA:125,1
DA:126,0
DA:127,2
DA:128,2
DA:129,2
DA:130,2
DA:131,2
DA:132,2
DA:133,2
DA:134,2
DA:135,2
DA:136,2
DA:137,2
DA:138,2
DA:139,2
DA:140,2
DA:141,2
DA:142,2
DA:143,2
DA:144,2
DA:145,2
DA:146,2
DA:147,2
DA:148,0
DA:149,2
DA:150,0
DA:151,0
DA:152,0
DA:153,0
DA:154,0
DA:155,0
DA:156,0
DA:157,0
DA:158,0
DA:159,0
DA:160,0
DA:161,0
DA:162,0
DA:163,0
DA:164,0
DA:165,0
DA:166,0
DA:167,2
DA:168,2
DA:169,2
DA:170,2
DA:171,2
DA:172,2
DA:173,2
DA:174,2
DA:175,2
DA:176,2
DA:177,2
DA:178,2
DA:179,2
DA:180,2
DA:181,2
DA:182,2
DA:183,2
DA:184,2
DA:185,2
DA:186,2
DA:187,2
DA:188,2
DA:189,2
DA:190,2
DA:191,2
DA:192,2
DA:193,2
DA:194,2
DA:195,2
DA:196,2
LF:196
LH:134
BRDA:1,0,0,2
BRDA:1,1,0,2
BRDA:9,2,0,2
BRDA:12,3,0,0
BRDA:13,4,0,0
BRDA:14,5,0,0
BRDA:14,6,0,2
BRDA:64,7,0,2
BRDA:67,8,0,0
BRDA:81,9,0,0
BRDA:100,10,0,0
BRDA:106,11,0,0
BRDA:116,12,0,0
BRDA:121,13,0,0
BRDA:122,14,0,1
BRDA:122,15,0,1
BRDA:123,16,0,1
BRDA:125,17,0,0
BRDA:127,18,0,0
BRDA:127,19,0,0
BRDA:128,20,0,0
BRDA:133,21,0,0
BRDA:147,22,0,0
BRDA:150,23,0,0
BRDA:83,24,0,6
BRDA:83,25,0,0
BRDA:136,26,0,2
BRDA:172,27,0,2
BRF:28
BRH:11
end_of_record
TN:
SF:src/routes/projects.ts
FN:14,registerProjectRoutes
FNF:1
FNH:1
FNDA:2,registerProjectRoutes
DA:1,1
DA:2,1
DA:3,1
DA:4,1
DA:5,1
DA:6,1
DA:7,1
DA:8,1
DA:9,1
DA:10,1
DA:11,1
DA:12,1
DA:13,1
DA:14,1
DA:15,2
DA:16,2
DA:17,2
DA:18,1
DA:19,1
DA:20,2
DA:21,2
DA:22,2
DA:23,2
DA:24,1
DA:25,1
DA:26,1
DA:27,1
DA:28,1
DA:29,1
DA:30,1
DA:31,1
DA:32,1
DA:33,1
DA:34,1
DA:35,1
DA:36,1
DA:37,1
DA:38,1
DA:39,1
DA:40,1
DA:41,1
DA:42,1
DA:43,1
DA:44,0
DA:45,0
DA:46,1
DA:47,1
DA:48,2
DA:49,1
DA:50,1
DA:51,0
DA:52,0
LF:52
LH:48
BRDA:1,0,0,1
BRDA:1,1,0,1
BRDA:14,2,0,2
BRDA:17,3,0,1
BRDA:23,4,0,1
BRDA:26,5,0,0
BRDA:39,6,0,0
BRDA:43,7,0,0
BRDA:47,8,0,0
BRDA:48,9,0,1
BRDA:50,10,0,0
BRF:11
BRH:6
end_of_record
TN:
SF:src/routes/sourcemaps.ts
FN:17,registerSourcemapRoutes
FN:64,storeMap
FN:106,handled
FNF:3
FNH:3
FNDA:3,registerSourcemapRoutes
FNDA:1,storeMap
FNDA:1,handled
DA:1,1
DA:2,1
DA:3,1
DA:4,1
DA:5,1
DA:6,1
DA:7,1
DA:8,1
DA:9,1
DA:10,1
DA:11,1
DA:12,1
DA:13,1
DA:14,1
DA:15,1
DA:16,1
DA:17,3
DA:18,3
DA:19,3
DA:20,2
DA:21,2
DA:22,2
DA:23,2
DA:24,2
DA:25,3
DA:26,3
DA:27,3
DA:28,2
DA:29,2
DA:30,0
DA:31,2
DA:32,2
DA:33,2
DA:34,2
DA:35,2
DA:36,2
DA:37,2
DA:38,2
DA:39,2
DA:40,2
DA:41,2
DA:42,2
DA:43,2
DA:44,2
DA:45,2
DA:46,2
DA:47,2
DA:48,2
DA:49,2
DA:50,2
DA:51,3
DA:52,3
DA:53,3
DA:54,1
DA:55,1
DA:56,1
DA:57,1
DA:58,1
DA:59,1
DA:60,1
DA:61,1
DA:62,1
DA:63,1
DA:64,1
DA:65,1
DA:66,0
DA:67,1
DA:68,1
DA:69,1
DA:70,1
DA:71,1
DA:72,1
DA:73,1
DA:74,0
DA:75,1
DA:76,1
DA:77,1
DA:78,1
DA:79,1
DA:80,1
DA:81,1
DA:82,1
DA:83,1
DA:84,1
DA:85,1
DA:86,1
DA:87,1
DA:88,1
DA:89,1
DA:90,1
DA:91,1
DA:92,0
DA:93,0
DA:94,0
DA:95,0
DA:96,0
DA:97,0
DA:98,0
DA:99,0
DA:100,0
DA:101,0
DA:102,1
DA:103,1
DA:104,1
DA:105,1
DA:106,1
DA:107,1
DA:108,1
DA:109,1
DA:110,1
DA:111,0
DA:112,0
DA:113,1
DA:114,1
DA:115,1
DA:116,1
DA:117,1
DA:118,0
DA:119,0
DA:120,1
DA:121,1
DA:122,1
DA:123,1
DA:124,1
DA:125,0
DA:126,1
DA:127,1
DA:128,1
DA:129,0
DA:130,1
DA:131,1
DA:132,1
DA:133,1
DA:134,1
DA:135,1
DA:136,1
DA:137,1
DA:138,0
DA:139,0
DA:140,0
DA:141,0
DA:142,0
DA:143,0
DA:144,0
DA:145,0
DA:146,0
DA:147,0
DA:148,0
DA:149,0
DA:150,0
DA:151,0
DA:152,0
DA:153,0
DA:154,0
DA:155,0
DA:156,0
DA:157,0
DA:158,0
DA:159,0
DA:160,0
DA:161,0
DA:162,0
DA:163,0
DA:164,0
DA:165,0
DA:166,0
DA:167,0
DA:168,0
DA:169,0
DA:170,0
DA:171,0
DA:172,0
DA:173,0
DA:174,0
DA:175,0
DA:176,0
DA:177,0
DA:178,0
DA:179,0
DA:180,0
DA:181,0
DA:182,1
DA:183,1
DA:184,1
DA:185,1
DA:186,0
DA:187,0
LF:187
LH:122
BRDA:1,0,0,1
BRDA:1,1,0,1
BRDA:17,2,0,3
BRDA:19,3,0,2
BRDA:27,4,0,2
BRDA:30,5,0,0
BRDA:40,6,0,0
BRDA:53,7,0,1
BRDA:57,8,0,0
BRDA:59,9,0,0
BRDA:61,10,0,0
BRDA:91,11,0,0
BRDA:102,12,0,0
BRDA:102,13,0,0
BRDA:137,14,0,0
BRDA:182,15,0,0
BRDA:185,16,0,0
BRDA:64,17,0,1
BRDA:65,18,0,0
BRDA:73,19,0,0
BRDA:106,20,0,1
BRDA:108,21,0,1
BRDA:110,22,0,0
BRDA:115,23,0,1
BRDA:117,24,0,0
BRDA:122,25,0,1
BRDA:124,26,0,0
BRDA:131,27,0,1
BRF:28
BRH:12
end_of_record
TN:
SF:src/routes/users.ts
FN:11,registerUserRoutes
FNF:1
FNH:1
FNDA:2,registerUserRoutes
DA:1,1
DA:2,1
DA:3,1
DA:4,1
DA:5,1
DA:6,1
DA:7,1
DA:8,1
DA:9,1
DA:10,1
DA:11,1
DA:12,2
DA:13,2
DA:14,2
DA:15,0
DA:16,0
DA:17,2
DA:18,1
DA:19,1
DA:20,1
DA:21,1
DA:22,1
DA:23,1
DA:24,1
DA:25,1
DA:26,1
DA:27,1
DA:28,1
DA:29,1
DA:30,1
DA:31,1
DA:32,1
DA:33,1
DA:34,1
DA:35,1
DA:36,2
DA:37,1
DA:38,1
DA:39,1
DA:40,1
DA:41,1
DA:42,1
DA:43,1
DA:44,1
DA:45,1
DA:46,1
DA:47,1
DA:48,1
DA:49,0
DA:50,1
DA:51,2
DA:52,2
DA:53,2
DA:54,0
DA:55,2
DA:56,1
DA:57,1
DA:58,2
DA:59,2
DA:60,0
LF:60
LH:55
BRDA:1,0,0,1
BRDA:1,1,0,1
BRDA:11,2,0,2
BRDA:18,3,0,1
BRDA:22,4,0,0
BRDA:27,5,0,0
BRDA:36,6,0,1
BRDA:40,7,0,0
BRDA:48,8,0,0
BRDA:48,9,0,0
BRDA:51,10,0,2
BRDA:54,11,0,0
BRDA:55,12,0,1
BRDA:58,13,0,0
BRDA:59,14,0,0
BRF:15
BRH:7
end_of_record
